Sever Nodejs đang lắng nghe tại đường http://localhost:5100
===>OKE: Kết nối MOGODB thành công!
New connection: LZ4-eXG7nrJzYlapAAAC
===>onlineUser  : [
  {
    userId: '65d74d1bff3465fd14d5ef52',
    socketId: 'LZ4-eXG7nrJzYlapAAAC'
  }
]
New connection: 5YI3wjivfieRQZdFAAAE
===>onlineUser  : [ { userId: null, socketId: '5YI3wjivfieRQZdFAAAE' } ]
===>OKE: CÓ THẰNG VỪA ĐĂNG NHẬP HỆ THỐNG TOKEN eyJhbGciOiJIUzI1NiIsInR5cCI6IkpXVCJ9.eyJfaWQiOiI2NWQ3NGQxYmZmMzQ2NWZkMTRkNWVmNTIiLCJuYW1lIjoiQWRtaW5pc3RyYXRvciIsImVtYWlsIjoiYWRtaW5pc3RyYXRvckBnbWFpbC5jb20iLCJwYXNzd29yZCI6IiQyYiQxMCRnMkJoNUlEcWwxZVNrMVdMZ1ouMmR1YW5QREFvSmxIQWdKNzdoSEE3V3F6cnBwUEdHY3BGUyIsImNyZWF0ZWRBdCI6IjIwMjQtMDItMjJUMTM6MzM6MTUuNzYwWiIsInVwZGF0ZWRBdCI6IjIwMjQtMDItMjJUMTM6MzM6MTUuNzYwWiIsIl9fdiI6MCwiaWF0IjoxNzA5MDE3OTEwLCJleHAiOjE3MDkwMjE1MTB9.YPuQxDO_FOQhGxbnNhwe2eqY4W4vqmMo0TvMm82fHZA
New connection: Lg8GW_ekSy46USY4AAAG
===>onlineUser  : [
  {
    userId: '65d74d1bff3465fd14d5ef52',
    socketId: 'Lg8GW_ekSy46USY4AAAG'
  }
]
New connection: Wn-WVAdTy_rwYxyLAAAI
===>onlineUser  : [
  {
    userId: '65d74d1bff3465fd14d5ef52',
    socketId: 'Lg8GW_ekSy46USY4AAAG'
  },
  { userId: null, socketId: 'Wn-WVAdTy_rwYxyLAAAI' }
]
===>OKE: CÓ THẰNG VỪA ĐĂNG NHẬP HỆ THỐNG TOKEN eyJhbGciOiJIUzI1NiIsInR5cCI6IkpXVCJ9.eyJfaWQiOiI2NWQ4MDAwOTI1NDg4YjM4NjU2ZTBiNmEiLCJuYW1lIjoiaGlldUxhcHRvcCIsImVtYWlsIjoiaGlldWxhcHRvcEBnbWFpbC5jb20iLCJwYXNzd29yZCI6IiQyYiQxMCQ2akNLLlI3aW41dS5PL0JQUnBrYW9lb1F2L214dmE0WU5PN1lrc09RQkpsYXdYVGJyMVBlSyIsImNyZWF0ZWRBdCI6IjIwMjQtMDItMjNUMDI6MTY6NDIuMDg2WiIsInVwZGF0ZWRBdCI6IjIwMjQtMDItMjNUMDI6MTY6NDIuMDg2WiIsIl9fdiI6MCwiaWF0IjoxNzA5MDE3OTU5LCJleHAiOjE3MDkwMjE1NTl9.M_K8Wb_SDLRVBOsaiZR-PtufmligAJsT4o05UvCNE1c
New connection: WvAvSZQMBzc8z1NRAAAK
===>onlineUser  : [
  {
    userId: '65d74d1bff3465fd14d5ef52',
    socketId: 'Lg8GW_ekSy46USY4AAAG'
  },
  {
    userId: '65d8000925488b38656e0b6a',
    socketId: 'WvAvSZQMBzc8z1NRAAAK'
  }
]
===>have an sendMessage:  {
  chatId: '65d85df1ff3465fd14d5f06e',
  senderId: '65d8000925488b38656e0b6a',
  message: 'hí',
  _id: '65dd8b6db00b3a076e2956f7',
  createdAt: '2024-02-27T07:12:45.994Z',
  updatedAt: '2024-02-27T07:12:45.994Z',
  __v: 0,
  recipientId: '65d74d1bff3465fd14d5ef52'
}
New connection: 1obj69U9i647aZ6BAAAM
===>onlineUser  : [
  {
    userId: '65d74d1bff3465fd14d5ef52',
    socketId: 'Lg8GW_ekSy46USY4AAAG'
  },
  { userId: null, socketId: '1obj69U9i647aZ6BAAAM' }
]
New connection: gTzbSVHqhpFPWjNHAAAO
===>onlineUser  : [ { userId: null, socketId: 'gTzbSVHqhpFPWjNHAAAO' } ]
New connection: jCc22LoiUVs5MABjAAAQ
===>onlineUser  : [ { userId: null, socketId: 'jCc22LoiUVs5MABjAAAQ' } ]
New connection: FDWm9Gc-Ba7we4NsAAAS
===>onlineUser  : [ { userId: null, socketId: 'FDWm9Gc-Ba7we4NsAAAS' } ]
New connection: siu_Xl90WIDJy0ooAAAU
===>onlineUser  : [ { userId: null, socketId: 'siu_Xl90WIDJy0ooAAAU' } ]
New connection: Gya4Dyl_EBk_J9K2AAAW
===>onlineUser  : [ { userId: null, socketId: 'Gya4Dyl_EBk_J9K2AAAW' } ]
New connection: AWiVzhIG9L6UKlIfAAAY
===>onlineUser  : [ { userId: null, socketId: 'Gya4Dyl_EBk_J9K2AAAW' } ]
New connection: wr5F1XVA4xrIqn34AAAa
===>onlineUser  : [ { userId: null, socketId: 'Gya4Dyl_EBk_J9K2AAAW' } ]
New connection: U-jIWbithudOzBX6AAAc
===>onlineUser  : [ { userId: null, socketId: 'U-jIWbithudOzBX6AAAc' } ]
New connection: gGHn7aiRTNo3tIvQAAAe
===>onlineUser  : [ { userId: null, socketId: 'gGHn7aiRTNo3tIvQAAAe' } ]
New connection: 4p6B-ob5Y8JsbllQAAAg
===>onlineUser  : [ { userId: null, socketId: '4p6B-ob5Y8JsbllQAAAg' } ]
New connection: JpOJSMMcaFlwU0e5AAAi
===>onlineUser  : [ { userId: null, socketId: 'JpOJSMMcaFlwU0e5AAAi' } ]
New connection: 7FtEjTL-3ka__c_aAAAk
===>onlineUser  : [ { userId: null, socketId: '7FtEjTL-3ka__c_aAAAk' } ]
New connection: 6jNm6BbYktg1NRgsAAAm
===>onlineUser  : [ { userId: null, socketId: '6jNm6BbYktg1NRgsAAAm' } ]
New connection: A5a1jDEkjqc3FQIYAAAo
===>onlineUser  : [ { userId: null, socketId: 'A5a1jDEkjqc3FQIYAAAo' } ]
New connection: AG7jFfhJrOapRrIJAAAq
===>onlineUser  : [ { userId: null, socketId: 'AG7jFfhJrOapRrIJAAAq' } ]
New connection: YiUMD4yhMraEQ5LzAAAs
===>onlineUser  : [ { userId: null, socketId: 'YiUMD4yhMraEQ5LzAAAs' } ]
Sever Nodejs đang lắng nghe tại đường http://localhost:5100
===>OKE: Kết nối MOGODB thành công!
Sever Nodejs đang lắng nghe tại đường http://localhost:5100
Sever Nodejs đang lắng nghe tại đường http://localhost:5100
===>OKE: Kết nối MOGODB thành công!
New connection: zz5toLXNaaJUlUu0AAAB
===>onlineUser  : [ { userId: null, socketId: 'zz5toLXNaaJUlUu0AAAB' } ]
New connection: P-GY0xAfYfI348eiAAAD
===>onlineUser  : [ { userId: null, socketId: 'zz5toLXNaaJUlUu0AAAB' } ]
===>OKE: CÓ THẰNG VỪA ĐĂNG NHẬP HỆ THỐNG TOKEN eyJhbGciOiJIUzI1NiIsInR5cCI6IkpXVCJ9.eyJfaWQiOiI2NWQ3NGQxYmZmMzQ2NWZkMTRkNWVmNTIiLCJuYW1lIjoiQWRtaW5pc3RyYXRvciIsImVtYWlsIjoiYWRtaW5pc3RyYXRvckBnbWFpbC5jb20iLCJwYXNzd29yZCI6IiQyYiQxMCRnMkJoNUlEcWwxZVNrMVdMZ1ouMmR1YW5QREFvSmxIQWdKNzdoSEE3V3F6cnBwUEdHY3BGUyIsImNyZWF0ZWRBdCI6IjIwMjQtMDItMjJUMTM6MzM6MTUuNzYwWiIsInVwZGF0ZWRBdCI6IjIwMjQtMDItMjJUMTM6MzM6MTUuNzYwWiIsIl9fdiI6MCwiaWF0IjoxNzA5NjUyNDkwLCJleHAiOjE3MDk2NTYwOTB9.dtJy4RVKEhzaUbUL2u0CGTNCmW2uGkeCxvqy-HEIO18
New connection: DtFKfknWlam-j9edAAAF
===>onlineUser  : [
  {
    userId: '65d74d1bff3465fd14d5ef52',
    socketId: 'DtFKfknWlam-j9edAAAF'
  }
]
New connection: CkzajBRUziUaJy1gAAAH
===>onlineUser  : [
  {
    userId: '65d74d1bff3465fd14d5ef52',
    socketId: 'DtFKfknWlam-j9edAAAF'
  },
  { userId: null, socketId: 'CkzajBRUziUaJy1gAAAH' }
]
ĐĂNG KÝ USER: con me may trantruong03122002@gmail.com truong03122002
===>OKE: registerUser {
  name: 'con me may',
  email: 'trantruong03122002@gmail.com',
  password: '$2b$10$zojKvlIOxqwKOIiWQNzdbuv5lVF7fRdtTbDWIHDG3LibNXbu5vCBS',
  _id: new ObjectId('65e73a3f3e1a3c12673097de'),
  createdAt: 2024-03-05T15:29:03.802Z,
  updatedAt: 2024-03-05T15:29:03.802Z,
  __v: 0
}
===> OKE: NEW TOKEN:  eyJhbGciOiJIUzI1NiIsInR5cCI6IkpXVCJ9.eyJuYW1lIjoiY29uIG1lIG1heSIsImVtYWlsIjoidHJhbnRydW9uZzAzMTIyMDAyQGdtYWlsLmNvbSIsInBhc3N3b3JkIjoiJDJiJDEwJHpvakt2bElPeHF3S09JaVdRTnpkYnV2NWxWRjdmUmR0VGJEV0lIREczTGliTlhidTV2Q0JTIiwiX2lkIjoiNjVlNzNhM2YzZTFhM2MxMjY3MzA5N2RlIiwiY3JlYXRlZEF0IjoiMjAyNC0wMy0wNVQxNToyOTowMy44MDJaIiwidXBkYXRlZEF0IjoiMjAyNC0wMy0wNVQxNToyOTowMy44MDJaIiwiX192IjowLCJpYXQiOjE3MDk2NTI1NDMsImV4cCI6MTcwOTY1NjE0M30.-U7IW62XQGlmaeqwbXOWa35frsLLtgyj4O9UopayRxI
New connection: Ct0wTu-xySskLAmuAAAJ
===>onlineUser  : [
  {
    userId: '65d74d1bff3465fd14d5ef52',
    socketId: 'DtFKfknWlam-j9edAAAF'
  },
  {
    userId: '65e73a3f3e1a3c12673097de',
    socketId: 'Ct0wTu-xySskLAmuAAAJ'
  }
]
===>have an sendMessage:  {
  chatId: '65e73a433e1a3c12673097e3',
  senderId: '65e73a3f3e1a3c12673097de',
  message: 'dmm',
  _id: '65e73a493e1a3c12673097f2',
  createdAt: '2024-03-05T15:29:13.693Z',
  updatedAt: '2024-03-05T15:29:13.693Z',
  __v: 0,
  recipientId: '65d74d1bff3465fd14d5ef52'
}
===>have an sendMessage:  {
  chatId: '65e73a433e1a3c12673097e3',
  senderId: '65e73a3f3e1a3c12673097de',
  message: 'cmm',
  _id: '65e73a523e1a3c1267309801',
  createdAt: '2024-03-05T15:29:22.914Z',
  updatedAt: '2024-03-05T15:29:22.914Z',
  __v: 0,
  recipientId: '65d74d1bff3465fd14d5ef52'
}
===>have an sendMessage:  {
  chatId: '65e73a433e1a3c12673097e3',
  senderId: '65e73a3f3e1a3c12673097de',
  message: 'em ở đâu',
  _id: '65e73a583e1a3c1267309810',
  createdAt: '2024-03-05T15:29:28.754Z',
  updatedAt: '2024-03-05T15:29:28.754Z',
  __v: 0,
  recipientId: '65d74d1bff3465fd14d5ef52'
}
New connection: T_9pq1aIVePxHmegAAAM
===>onlineUser  : [
  {
    userId: '65e73a3f3e1a3c12673097de',
    socketId: 'Ct0wTu-xySskLAmuAAAJ'
  },
  {
    userId: '65d74d1bff3465fd14d5ef52',
    socketId: 'T_9pq1aIVePxHmegAAAM'
  }
]
===>have an sendMessage:  {
  chatId: '65e73a433e1a3c12673097e3',
  senderId: '65d74d1bff3465fd14d5ef52',
  message: '??',
  _id: '65e73a743e1a3c1267309847',
  createdAt: '2024-03-05T15:29:56.197Z',
  updatedAt: '2024-03-05T15:29:56.197Z',
  __v: 0,
  recipientId: '65e73a3f3e1a3c12673097de'
}
===>have an sendMessage:  {
  chatId: '65e73a433e1a3c12673097e3',
  senderId: '65d74d1bff3465fd14d5ef52',
  message: 'you oke',
  _id: '65e73a783e1a3c1267309857',
  createdAt: '2024-03-05T15:30:00.931Z',
  updatedAt: '2024-03-05T15:30:00.931Z',
  __v: 0,
  recipientId: '65e73a3f3e1a3c12673097de'
}
===>have an sendMessage:  {
  chatId: '65e73a433e1a3c12673097e3',
  senderId: '65d74d1bff3465fd14d5ef52',
  message: '?',
  _id: '65e73a7a3e1a3c1267309867',
  createdAt: '2024-03-05T15:30:02.180Z',
  updatedAt: '2024-03-05T15:30:02.180Z',
  __v: 0,
  recipientId: '65e73a3f3e1a3c12673097de'
}
===>have an sendMessage:  {
  chatId: '65e73a433e1a3c12673097e3',
  senderId: '65e73a3f3e1a3c12673097de',
  message: 'm ở đâu',
  _id: '65e73ad73e1a3c1267309879',
  createdAt: '2024-03-05T15:31:35.733Z',
  updatedAt: '2024-03-05T15:31:35.733Z',
  __v: 0,
  recipientId: '65d74d1bff3465fd14d5ef52'
}
===>have an sendMessage:  {
  chatId: '65e73a433e1a3c12673097e3',
  senderId: '65e73a3f3e1a3c12673097de',
  message: 'm tên gì',
  _id: '65e73ad93e1a3c1267309889',
  createdAt: '2024-03-05T15:31:37.656Z',
  updatedAt: '2024-03-05T15:31:37.656Z',
  __v: 0,
  recipientId: '65d74d1bff3465fd14d5ef52'
}
===>have an sendMessage:  {
  chatId: '65e73a433e1a3c12673097e3',
  senderId: '65e73a3f3e1a3c12673097de',
  message: 'sinh năm bn',
  _id: '65e73adc3e1a3c1267309899',
  createdAt: '2024-03-05T15:31:40.772Z',
  updatedAt: '2024-03-05T15:31:40.772Z',
  __v: 0,
  recipientId: '65d74d1bff3465fd14d5ef52'
}
===>have an sendMessage:  {
  chatId: '65e73a433e1a3c12673097e3',
  senderId: '65d74d1bff3465fd14d5ef52',
  message: 'bố m khóa mõm m',
  _id: '65e73b543e1a3c12673098a9',
  createdAt: '2024-03-05T15:33:40.244Z',
  updatedAt: '2024-03-05T15:33:40.244Z',
  __v: 0,
  recipientId: '65e73a3f3e1a3c12673097de'
}
===>have an sendMessage:  {
  chatId: '65e73a433e1a3c12673097e3',
  senderId: '65d74d1bff3465fd14d5ef52',
  message: 'xóa tk',
  _id: '65e73b573e1a3c12673098b7',
  createdAt: '2024-03-05T15:33:43.022Z',
  updatedAt: '2024-03-05T15:33:43.022Z',
  __v: 0,
  recipientId: '65e73a3f3e1a3c12673097de'
}
===>have an sendMessage:  {
  chatId: '65e73a433e1a3c12673097e3',
  senderId: '65d74d1bff3465fd14d5ef52',
  message: 'heheh',
  _id: '65e73b593e1a3c12673098c5',
  createdAt: '2024-03-05T15:33:45.339Z',
  updatedAt: '2024-03-05T15:33:45.339Z',
  __v: 0,
  recipientId: '65e73a3f3e1a3c12673097de'
}
New connection: EMmqw51j8E2-_9i7AAAP
===>onlineUser  : [
  {
    userId: '65d74d1bff3465fd14d5ef52',
    socketId: 'EMmqw51j8E2-_9i7AAAP'
  }
]
New connection: SpMiln97y6aadUEgAAAS
===>onlineUser  : [
  {
    userId: '65d74d1bff3465fd14d5ef52',
    socketId: 'SpMiln97y6aadUEgAAAS'
  }
]
New connection: sKi09zBrqe1S4u0EAAAV
===>onlineUser  : [
  {
    userId: '65d74d1bff3465fd14d5ef52',
    socketId: 'sKi09zBrqe1S4u0EAAAV'
  }
]
New connection: jIKA-1e6tsaV_fjeAAAY
===>onlineUser  : [
  {
    userId: '65d74d1bff3465fd14d5ef52',
    socketId: 'jIKA-1e6tsaV_fjeAAAY'
  }
]
Sever Nodejs đang lắng nghe tại đường http://localhost:5100
New connection: 9H1P_NjBvKxqCLlcAAAB
===>onlineUser  : [ { userId: null, socketId: '9H1P_NjBvKxqCLlcAAAB' } ]
ĐĂNG KÝ USER: Hhietr hh@hh.hh 11111111
New connection: vsboyTEpzyEWnHRhAAAE
===>onlineUser  : [
  { userId: null, socketId: '9H1P_NjBvKxqCLlcAAAB' },
  {
    userId: '65d74d1bff3465fd14d5ef52',
    socketId: 'vsboyTEpzyEWnHRhAAAE'
  }
]
New connection: PuFhLkOZo5iKks0XAAAH
===>onlineUser  : [
  { userId: null, socketId: '9H1P_NjBvKxqCLlcAAAB' },
  {
    userId: '65d74d1bff3465fd14d5ef52',
    socketId: 'PuFhLkOZo5iKks0XAAAH'
  }
]
New connection: kS5pcMACd66TILw3AAAK
===>onlineUser  : [
  { userId: null, socketId: '9H1P_NjBvKxqCLlcAAAB' },
  {
    userId: '65d74d1bff3465fd14d5ef52',
    socketId: 'kS5pcMACd66TILw3AAAK'
  }
]
ĐĂNG KÝ USER: Hhietr hh@hh.hh 11111111
ĐĂNG KÝ USER: hhhhhhhhhhhhhhhhhhhhhhhhh hhhhhhhh@hhhhhhh.hhhhhhhhh 11111111
New connection: m13DoU9qE1vZFhmsAAAM
===>onlineUser  : [ { userId: null, socketId: '9H1P_NjBvKxqCLlcAAAB' } ]
ĐĂNG KÝ USER: ggggggggggg ggggggggg@gggggggg.ggggggggg 11111111
Sever Nodejs đang lắng nghe tại đường http://localhost:5100
New connection: SBOwDcB9My4TFHATAAAB
ĐĂNG KÝ USER: ggggggggggg ggggggggg@gggggggg.ggggggggg 11111111
===>OKE: Kết nối MOGODB thành công!
===>OKE: registerUser {
  name: 'ggggggggggg',
  email: 'ggggggggg@gggggggg.ggggggggg',
  password: '$2b$10$UlYqHQsrUkKG.QfMh5JYt.qhmr3wo5kn8ZFCSsR8/Rr2XO6Moc5c2',
  _id: new ObjectId('65eddfe81a00522f32bc6112'),
  createdAt: 2024-03-10T16:29:28.792Z,
  updatedAt: 2024-03-10T16:29:28.792Z,
  __v: 0
}
===> OKE: NEW TOKEN:  eyJhbGciOiJIUzI1NiIsInR5cCI6IkpXVCJ9.eyJuYW1lIjoiZ2dnZ2dnZ2dnZ2ciLCJlbWFpbCI6ImdnZ2dnZ2dnZ0BnZ2dnZ2dnZy5nZ2dnZ2dnZ2ciLCJwYXNzd29yZCI6IiQyYiQxMCRVbFlxSFFzclVrS0cuUWZNaDVKWXQucWhtcjN3bzVrbjhaRkNTc1I4L1JyMlhPNk1vYzVjMiIsIl9pZCI6IjY1ZWRkZmU4MWEwMDUyMmYzMmJjNjExMiIsImNyZWF0ZWRBdCI6IjIwMjQtMDMtMTBUMTY6Mjk6MjguNzkyWiIsInVwZGF0ZWRBdCI6IjIwMjQtMDMtMTBUMTY6Mjk6MjguNzkyWiIsIl9fdiI6MCwiaWF0IjoxNzEwMDg4MTY4LCJleHAiOjE3MTAwOTE3Njh9.bZRfpjg9W4dH1HMTqXZBEyklUO2AznlOclqzdKTkyNk
New connection: e4LpxOhWgMJNiue0AAAD
===>onlineUser  : [
  {
    userId: '65eddfe81a00522f32bc6112',
    socketId: 'e4LpxOhWgMJNiue0AAAD'
  }
]
New connection: kpHgl4_OdLR5bQThAAAF
ĐĂNG KÝ USER: hhhhhhhhhhhhhhhhhhhhhhhhh hhhhhhhh@hhhhhhh.hhhhhhhhh 11111111
===>OKE: registerUser {
  name: 'hhhhhhhhhhhhhhhhhhhhhhhhh',
  email: 'hhhhhhhh@hhhhhhh.hhhhhhhhh',
  password: '$2b$10$sQNVZx3RbLCcAqlRUlio/u94pe/7v1vt4.b4meXT3h4YLfFu4icTG',
  _id: new ObjectId('65eddff61a00522f32bc6117'),
  createdAt: 2024-03-10T16:29:42.257Z,
  updatedAt: 2024-03-10T16:29:42.257Z,
  __v: 0
}
===> OKE: NEW TOKEN:  eyJhbGciOiJIUzI1NiIsInR5cCI6IkpXVCJ9.eyJuYW1lIjoiaGhoaGhoaGhoaGhoaGhoaGhoaGhoaGhoaCIsImVtYWlsIjoiaGhoaGhoaGhAaGhoaGhoaC5oaGhoaGhoaGgiLCJwYXNzd29yZCI6IiQyYiQxMCRzUU5WWngzUmJMQ2NBcWxSVWxpby91OTRwZS83djF2dDQuYjRtZVhUM2g0WUxmRnU0aWNURyIsIl9pZCI6IjY1ZWRkZmY2MWEwMDUyMmYzMmJjNjExNyIsImNyZWF0ZWRBdCI6IjIwMjQtMDMtMTBUMTY6Mjk6NDIuMjU3WiIsInVwZGF0ZWRBdCI6IjIwMjQtMDMtMTBUMTY6Mjk6NDIuMjU3WiIsIl9fdiI6MCwiaWF0IjoxNzEwMDg4MTgyLCJleHAiOjE3MTAwOTE3ODJ9.gQii4ctsq3Tq14gzkGfqSv50LGgXYN5Y3SVOjEYWCFc
New connection: sGQh1LQK1242MrB9AAAH
===>onlineUser  : [
  {
    userId: '65eddfe81a00522f32bc6112',
    socketId: 'e4LpxOhWgMJNiue0AAAD'
  },
  {
    userId: '65eddff61a00522f32bc6117',
    socketId: 'sGQh1LQK1242MrB9AAAH'
  }
]
===>have an sendMessage:  {
  chatId: '65eddff81a00522f32bc611c',
  senderId: '65eddff61a00522f32bc6117',
  message: 'chào anh',
  _id: '65eddffc1a00522f32bc6124',
  createdAt: '2024-03-10T16:29:48.361Z',
  updatedAt: '2024-03-10T16:29:48.361Z',
  __v: 0,
  recipientId: '65eddfe81a00522f32bc6112'
}
New connection: HNl8nVvbf3Zed2xeAAAK
===>onlineUser  : [
  {
    userId: '65eddff61a00522f32bc6117',
    socketId: 'sGQh1LQK1242MrB9AAAH'
  },
  {
    userId: '65eddfe81a00522f32bc6112',
    socketId: 'HNl8nVvbf3Zed2xeAAAK'
  }
]
===>have an sendMessage:  {
  chatId: '65eddff81a00522f32bc611c',
  senderId: '65eddfe81a00522f32bc6112',
  message: 'anh chào iem',
  _id: '65ede00c1a00522f32bc612f',
  createdAt: '2024-03-10T16:30:04.680Z',
  updatedAt: '2024-03-10T16:30:04.680Z',
  __v: 0,
  recipientId: '65eddff61a00522f32bc6117'
}
===>have an sendMessage:  {
  chatId: '65eddff81a00522f32bc611c',
  senderId: '65eddff61a00522f32bc6117',
  message: 'chao em như',
  _id: '65ede01a1a00522f32bc6133',
  createdAt: '2024-03-10T16:30:18.735Z',
  updatedAt: '2024-03-10T16:30:18.735Z',
  __v: 0,
  recipientId: '65eddfe81a00522f32bc6112'
}
New connection: WGtwWmBiyZYlMC_pAAAM
===>onlineUser  : [
  {
    userId: '65eddfe81a00522f32bc6112',
    socketId: 'HNl8nVvbf3Zed2xeAAAK'
  },
  { userId: null, socketId: 'WGtwWmBiyZYlMC_pAAAM' }
]
ĐĂNG KÝ USER: Aaaa aa@a aa@a
ĐĂNG KÝ USER: Aaaa aa@a.c aa@a
ĐĂNG KÝ USER: Aaaa aaaaaaaa@abc.com aa@a
ĐĂNG KÝ USER: Aaaa aaaaaaaa@abc.com aaaaaaaa
===>OKE: registerUser {
  name: 'Aaaa',
  email: 'aaaaaaaa@abc.com',
  password: '$2b$10$mUXHK.gFtUZMO63gKzfqSOXAvmO8fBNWMikUkEuwggoIckNmfkGXu',
  _id: new ObjectId('65edf2f61a00522f32bc613e'),
  createdAt: 2024-03-10T17:50:46.472Z,
  updatedAt: 2024-03-10T17:50:46.472Z,
  __v: 0
}
===> OKE: NEW TOKEN:  eyJhbGciOiJIUzI1NiIsInR5cCI6IkpXVCJ9.eyJuYW1lIjoiQWFhYSIsImVtYWlsIjoiYWFhYWFhYWFAYWJjLmNvbSIsInBhc3N3b3JkIjoiJDJiJDEwJG1VWEhLLmdGdFVaTU82M2dLemZxU09YQXZtTzhmQk5XTWlrVWtFdXdnZ29JY2tObWZrR1h1IiwiX2lkIjoiNjVlZGYyZjYxYTAwNTIyZjMyYmM2MTNlIiwiY3JlYXRlZEF0IjoiMjAyNC0wMy0xMFQxNzo1MDo0Ni40NzJaIiwidXBkYXRlZEF0IjoiMjAyNC0wMy0xMFQxNzo1MDo0Ni40NzJaIiwiX192IjowLCJpYXQiOjE3MTAwOTMwNDYsImV4cCI6MTcxMDA5NjY0Nn0.PA4DBFnp_V0bMcS9Q0iJhOmXC6CRQXzkqNbHq1CN8Ik
New connection: b9b9qLAXNoRS1845AAAO
===>onlineUser  : [
  {
    userId: '65eddfe81a00522f32bc6112',
    socketId: 'HNl8nVvbf3Zed2xeAAAK'
  },
  {
    userId: '65edf2f61a00522f32bc613e',
    socketId: 'b9b9qLAXNoRS1845AAAO'
  }
]
